2019.07.18, 16:55:17.0852 UTC -> {"killed":false,"code":1,"signal":null,"cmd":"undefined \"pixel\" 1","stdout":"","stderr":"'undefined' is not recognized as an internal or external command,\r\noperable program or batch file.\r\n"}
2019.07.18, 16:55:17.0859 UTC -> {"killed":false,"code":1,"signal":null,"cmd":"undefined \"milk\" 1","stdout":"","stderr":"'undefined' is not recognized as an internal or external command,\r\noperable program or batch file.\r\n"}
2019.07.18, 16:55:17.0864 UTC -> {"killed":false,"code":1,"signal":null,"cmd":"undefined \"mango\" 1","stdout":"","stderr":"'undefined' is not recognized as an internal or external command,\r\noperable program or batch file.\r\n"}
2019.07.18, 16:55:17.0870 UTC -> {"killed":false,"code":1,"signal":null,"cmd":"undefined \"dell\" 1","stdout":"","stderr":"'undefined' is not recognized as an internal or external command,\r\noperable program or batch file.\r\n"}
2019.07.18, 16:55:17.0874 UTC -> {"killed":false,"code":1,"signal":null,"cmd":"undefined \"banana\" 1","stdout":"","stderr":"'undefined' is not recognized as an internal or external command,\r\noperable program or batch file.\r\n"}
2019.07.18, 16:55:17.0932 UTC -> {"killed":false,"code":1,"signal":null,"cmd":"undefined \"dell\" 1","stdout":"","stderr":"'undefined' is not recognized as an internal or external command,\r\noperable program or batch file.\r\n"}
2019.07.18, 16:55:17.0937 UTC -> {"killed":false,"code":1,"signal":null,"cmd":"undefined \"mango\" 1","stdout":"","stderr":"'undefined' is not recognized as an internal or external command,\r\noperable program or batch file.\r\n"}
2019.07.18, 16:55:17.0947 UTC -> {"killed":false,"code":1,"signal":null,"cmd":"undefined \"milk\" 1","stdout":"","stderr":"'undefined' is not recognized as an internal or external command,\r\noperable program or batch file.\r\n"}
2019.07.18, 16:55:17.0952 UTC -> {"killed":false,"code":1,"signal":null,"cmd":"undefined \"pixel\" 1","stdout":"","stderr":"'undefined' is not recognized as an internal or external command,\r\noperable program or batch file.\r\n"}
2019.07.18, 16:55:17.0957 UTC -> {"killed":false,"code":1,"signal":null,"cmd":"undefined \"banana\" 1","stdout":"","stderr":"'undefined' is not recognized as an internal or external command,\r\noperable program or batch file.\r\n"}
2019.07.18, 16:55:18.0003 UTC -> {"killed":false,"code":1,"signal":null,"cmd":"undefined \"dell\" 1","stdout":"","stderr":"'undefined' is not recognized as an internal or external command,\r\noperable program or batch file.\r\n"}
2019.07.18, 16:55:18.0010 UTC -> {"killed":false,"code":1,"signal":null,"cmd":"undefined \"pixel\" 1","stdout":"","stderr":"'undefined' is not recognized as an internal or external command,\r\noperable program or batch file.\r\n"}
2019.07.18, 16:55:18.0011 UTC -> {"killed":false,"code":1,"signal":null,"cmd":"undefined \"milk\" 1","stdout":"","stderr":"'undefined' is not recognized as an internal or external command,\r\noperable program or batch file.\r\n"}
2019.07.18, 16:55:18.0012 UTC -> {"killed":false,"code":1,"signal":null,"cmd":"undefined \"mango\" 1","stdout":"","stderr":"'undefined' is not recognized as an internal or external command,\r\noperable program or batch file.\r\n"}
2019.07.18, 16:55:18.0015 UTC -> {"killed":false,"code":1,"signal":null,"cmd":"undefined \"banana\" 1","stdout":"","stderr":"'undefined' is not recognized as an internal or external command,\r\noperable program or batch file.\r\n"}
2019.07.18, 17:00:13.0969 UTC -> {"killed":false,"code":1,"signal":null,"cmd":"undefined \"milk\" 1","stdout":"","stderr":"'undefined' is not recognized as an internal or external command,\r\noperable program or batch file.\r\n"}
2019.07.18, 17:00:13.0975 UTC -> {"killed":false,"code":1,"signal":null,"cmd":"undefined \"mango\" 1","stdout":"","stderr":"'undefined' is not recognized as an internal or external command,\r\noperable program or batch file.\r\n"}
2019.07.18, 17:00:13.0980 UTC -> {"killed":false,"code":1,"signal":null,"cmd":"undefined \"dell\" 1","stdout":"","stderr":"'undefined' is not recognized as an internal or external command,\r\noperable program or batch file.\r\n"}
2019.07.18, 17:00:13.0984 UTC -> {"killed":false,"code":1,"signal":null,"cmd":"undefined \"banana\" 1","stdout":"","stderr":"'undefined' is not recognized as an internal or external command,\r\noperable program or batch file.\r\n"}
2019.07.18, 17:00:13.0989 UTC -> {"killed":false,"code":1,"signal":null,"cmd":"undefined \"pixel\" 1","stdout":"","stderr":"'undefined' is not recognized as an internal or external command,\r\noperable program or batch file.\r\n"}
2019.07.18, 17:00:14.0047 UTC -> {"killed":false,"code":1,"signal":null,"cmd":"undefined \"pixel\" 1","stdout":"","stderr":"'undefined' is not recognized as an internal or external command,\r\noperable program or batch file.\r\n"}
2019.07.18, 17:00:14.0052 UTC -> {"killed":false,"code":1,"signal":null,"cmd":"undefined \"banana\" 1","stdout":"","stderr":"'undefined' is not recognized as an internal or external command,\r\noperable program or batch file.\r\n"}
2019.07.18, 17:00:14.0056 UTC -> {"killed":false,"code":1,"signal":null,"cmd":"undefined \"dell\" 1","stdout":"","stderr":"'undefined' is not recognized as an internal or external command,\r\noperable program or batch file.\r\n"}
2019.07.18, 17:00:14.0060 UTC -> {"killed":false,"code":1,"signal":null,"cmd":"undefined \"mango\" 1","stdout":"","stderr":"'undefined' is not recognized as an internal or external command,\r\noperable program or batch file.\r\n"}
2019.07.18, 17:00:14.0064 UTC -> {"killed":false,"code":1,"signal":null,"cmd":"undefined \"milk\" 1","stdout":"","stderr":"'undefined' is not recognized as an internal or external command,\r\noperable program or batch file.\r\n"}
2019.07.18, 17:00:14.0119 UTC -> {"killed":false,"code":1,"signal":null,"cmd":"undefined \"milk\" 1","stdout":"","stderr":"'undefined' is not recognized as an internal or external command,\r\noperable program or batch file.\r\n"}
2019.07.18, 17:00:14.0119 UTC -> {"killed":false,"code":1,"signal":null,"cmd":"undefined \"mango\" 1","stdout":"","stderr":"'undefined' is not recognized as an internal or external command,\r\noperable program or batch file.\r\n"}
2019.07.18, 17:00:14.0120 UTC -> {"killed":false,"code":1,"signal":null,"cmd":"undefined \"dell\" 1","stdout":"","stderr":"'undefined' is not recognized as an internal or external command,\r\noperable program or batch file.\r\n"}
2019.07.18, 17:00:14.0120 UTC -> {"killed":false,"code":1,"signal":null,"cmd":"undefined \"banana\" 1","stdout":"","stderr":"'undefined' is not recognized as an internal or external command,\r\noperable program or batch file.\r\n"}
2019.07.18, 17:00:14.0121 UTC -> {"killed":false,"code":1,"signal":null,"cmd":"undefined \"pixel\" 1","stdout":"","stderr":"'undefined' is not recognized as an internal or external command,\r\noperable program or batch file.\r\n"}
2019.07.21, 18:23:23.0481 UTC -> {"killed":false,"code":3221225477,"signal":null,"cmd":"C:/xlib/pdi/pdi.exe \"28\" 10","stdout":"","stderr":""}
2019.07.21, 18:31:23.0117 UTC -> {"killed":false,"code":3221225477,"signal":null,"cmd":"C:/xlib/pdi/pdi.exe \"28\" 10","stdout":"","stderr":""}
2019.07.25, 16:03:11.0867 UTC -> {"errno":"UNKNOWN","code":"UNKNOWN","syscall":"spawn"}
2019.07.25, 16:03:19.0447 UTC -> {"killed":false,"code":3221225794,"signal":null,"cmd":"C:\\xlib\\pedb\\pedb.exe \"\" 1","stdout":"","stderr":""}
2019.07.25, 16:03:20.0239 UTC -> {"errno":"UNKNOWN","code":"UNKNOWN","syscall":"spawn"}
2019.07.25, 16:03:22.0749 UTC -> {"killed":false,"code":3,"signal":null,"cmd":"C:\\xlib\\pedb\\pedb.exe \"instant\" 1","stdout":"","stderr":"\r\nThis application has requested the Runtime to terminate it in an unusual way.\nPlease contact the application's support team for more information.\r\nMingw-w64 runtime failure:\r\n  VirtualProtect failed with code 0x5af"}
2019.07.26, 00:02:50.0025 UTC -> {"killed":false,"code":3,"signal":null,"cmd":"C:\\xlib\\peda\\peda.exe \"keto os\" 1","stdout":"","stderr":"\r\nThis application has requested the Runtime to terminate it in an unusual way.\nPlease contact the application's support team for more information.\r\nterminate called after throwing an instance of 'std::bad_alloc'\r\n  what():  std::bad_alloc\r\n"}
2019.07.26, 00:05:12.0272 UTC -> {"errno":"UNKNOWN","code":"UNKNOWN","syscall":"spawn"}
2019.07.26, 00:05:12.0277 UTC -> {"errno":"UNKNOWN","code":"UNKNOWN","syscall":"spawn"}
2019.07.26, 00:05:12.0281 UTC -> {"errno":"UNKNOWN","code":"UNKNOWN","syscall":"spawn"}
2019.07.26, 00:28:58.0131 UTC -> {"killed":false,"code":3,"signal":null,"cmd":"C:\\xlib\\pedb\\pedb.exe \"gucci\" 1","stdout":"","stderr":"\r\nThis application has requested the Runtime to terminate it in an unusual way.\nPlease contact the application's support team for more information.\r\nterminate called after throwing an instance of 'std::bad_alloc'\r\n  what():  std::bad_alloc\r\n"}
2019.07.27, 00:15:22.0369 UTC -> {"killed":false,"code":3221225773,"signal":null,"cmd":"C:\\xlib\\pedb\\pedb.exe \"tumi\" 1","stdout":"","stderr":""}
2019.07.27, 00:15:23.0273 UTC -> {"killed":false,"code":3221225773,"signal":null,"cmd":"C:\\xlib\\pedb\\pedb.exe \"yellow\" 1","stdout":"","stderr":""}
2019.07.27, 00:15:23.0401 UTC -> {"killed":false,"code":3221225773,"signal":null,"cmd":"C:\\xlib\\pedb\\pedb.exe \"yello\" 1","stdout":"","stderr":""}
2019.07.27, 00:16:16.0602 UTC -> {"killed":false,"code":3221225477,"signal":null,"cmd":"C:\\xlib\\pedb\\pedb.exe \"android\" 1","stdout":"","stderr":""}
2019.07.27, 00:45:19.0024 UTC -> {"killed":false,"code":3,"signal":null,"cmd":"C:\\xlib\\pedb\\pedb.exe \"rayban\" 1","stdout":"","stderr":"\r\nThis application has requested the Runtime to terminate it in an unusual way.\nPlease contact the application's support team for more information.\r\nterminate called after throwing an instance of 'std::bad_alloc'\r\n  what():  std::bad_alloc\r\n"}
2019.07.27, 08:01:17.0373 UTC -> {"killed":false,"code":3221225773,"signal":null,"cmd":"C:\\xlib\\pedb\\pedb.exe \"latte\" 1","stdout":"","stderr":""}
2019.07.27, 08:01:19.0814 UTC -> {"killed":false,"code":3221225773,"signal":null,"cmd":"C:\\xlib\\pedb\\pedb.exe \"lemon\" 1","stdout":"","stderr":""}
2019.07.27, 08:01:19.0892 UTC -> {"killed":false,"code":3221225773,"signal":null,"cmd":"C:\\xlib\\pedb\\pedb.exe \"enzyme\" 1","stdout":"","stderr":""}
2019.07.27, 08:01:23.0765 UTC -> {"killed":false,"code":3221225773,"signal":null,"cmd":"C:\\xlib\\pedb\\pedb.exe \"shaver\" 1","stdout":"","stderr":""}
2019.07.27, 08:01:23.0786 UTC -> {"killed":false,"code":3221225773,"signal":null,"cmd":"C:\\xlib\\pedb\\pedb.exe \"bliss bites\" 1","stdout":"","stderr":""}
2019.07.27, 08:01:44.0760 UTC -> {"killed":false,"code":1,"signal":null,"cmd":"C:\\xlib\\pedb\\pedb.exe \"honda\" 1","stdout":"","stderr":"The system cannot execute the specified program.\r\n"}
2019.07.27, 16:03:55.0070 UTC -> {"killed":false,"code":3221225773,"signal":null,"cmd":"C:\\xlib\\pedb\\pedb.exe \"ferrero\" 1","stdout":"","stderr":""}
2019.07.27, 16:03:55.0080 UTC -> {"killed":false,"code":3221225773,"signal":null,"cmd":"C:\\xlib\\pedb\\pedb.exe \"nikon\" 1","stdout":"","stderr":""}
2019.07.28, 13:48:47.0445 UTC -> {"killed":false,"code":3221225773,"signal":null,"cmd":"C:\\xlib\\pedb\\pedb.exe \"hawaii\" 1","stdout":"","stderr":""}
2019.07.28, 13:48:47.0514 UTC -> {"killed":false,"code":3221225773,"signal":null,"cmd":"C:\\xlib\\pedb\\pedb.exe \"kenji\" 1","stdout":"","stderr":""}
2019.07.28, 13:48:47.0577 UTC -> {"killed":false,"code":3221225773,"signal":null,"cmd":"C:\\xlib\\pedb\\pedb.exe \"jeans\" 1","stdout":"","stderr":""}
2019.07.28, 13:48:47.0605 UTC -> {"killed":false,"code":3221225773,"signal":null,"cmd":"C:\\xlib\\pedb\\pedb.exe \"msi\" 1","stdout":"","stderr":""}
2019.07.28, 13:48:47.0616 UTC -> {"killed":false,"code":3221225773,"signal":null,"cmd":"C:\\xlib\\pedb\\pedb.exe \"asia\" 1","stdout":"","stderr":""}
2019.07.28, 13:48:55.0011 UTC -> {"killed":false,"code":1,"signal":null,"cmd":"C:\\xlib\\pedb\\pedb.exe \"tumi\" 1","stdout":"","stderr":"The system cannot execute the specified program.\r\n"}
2019.07.28, 13:48:55.0702 UTC -> {"killed":false,"code":1,"signal":null,"cmd":"C:\\xlib\\pedb\\pedb.exe \"superman\" 1","stdout":"","stderr":"The system cannot execute the specified program.\r\n"}
2019.07.28, 13:48:55.0743 UTC -> {"killed":false,"code":1,"signal":null,"cmd":"C:\\xlib\\pedb\\pedb.exe \"levis\" 1","stdout":"","stderr":"The system cannot execute the specified program.\r\n"}
2019.07.28, 13:48:55.0936 UTC -> {"killed":false,"code":1,"signal":null,"cmd":"C:\\xlib\\pedb\\pedb.exe \"amazon\" 1","stdout":"","stderr":"The system cannot execute the specified program.\r\n"}
2019.07.28, 13:48:55.0959 UTC -> {"killed":false,"code":1,"signal":null,"cmd":"C:\\xlib\\pedb\\pedb.exe \"abercrombie\" 1","stdout":"","stderr":"The system cannot execute the specified program.\r\n"}
2019.07.28, 13:48:55.0975 UTC -> {"killed":false,"code":1,"signal":null,"cmd":"C:\\xlib\\pedb\\pedb.exe \"indomie\" 1","stdout":"","stderr":"The system cannot execute the specified program.\r\n"}
2019.07.28, 13:49:33.0417 UTC -> {"killed":false,"code":3221225773,"signal":null,"cmd":"C:\\xlib\\pedb\\pedb.exe \"pearl\" 1","stdout":"","stderr":""}
2019.07.28, 13:54:30.0879 UTC -> {"killed":false,"code":3221225495,"signal":null,"cmd":"C:\\xlib\\pedb\\pedb.exe \"kopiko\" 1","stdout":"","stderr":""}
2019.07.28, 13:54:31.0665 UTC -> {"killed":false,"code":3221225794,"signal":null,"cmd":"C:\\xlib\\pedb\\pedb.exe \"instant\" 1","stdout":"","stderr":""}
2019.07.28, 13:54:31.0677 UTC -> {"killed":false,"code":1,"signal":null,"cmd":"C:\\xlib\\pedb\\pedb.exe \"food\" 1","stdout":"","stderr":"Not enough storage is available to process this command.\r\n"}
2019.07.28, 16:04:38.0730 UTC -> {"killed":false,"code":3221225725,"signal":null,"cmd":"C:\\xlib\\pedb\\pedb.exe \"shaver\" 1","stdout":"","stderr":""}
2019.07.28, 20:02:45.0116 UTC -> {"errno":"UNKNOWN","code":"UNKNOWN","syscall":"spawn"}
2019.07.28, 20:02:49.0050 UTC -> {"killed":false,"code":3221225495,"signal":null,"cmd":"C:\\xlib\\pedb\\pedb.exe \"coffee\" 1","stdout":"","stderr":""}
2019.07.28, 20:02:55.0431 UTC -> {"killed":false,"code":3221225773,"signal":null,"cmd":"C:\\xlib\\pedb\\pedb.exe \"cotton\" 1","stdout":"","stderr":""}
2019.07.28, 20:02:55.0442 UTC -> {"killed":false,"code":3221225773,"signal":null,"cmd":"C:\\xlib\\pedb\\pedb.exe \"banana\" 1","stdout":"","stderr":""}
2019.07.28, 20:02:55.0449 UTC -> {"killed":false,"code":3221225773,"signal":null,"cmd":"C:\\xlib\\pedb\\pedb.exe \"dress\" 1","stdout":"","stderr":""}
2019.07.28, 20:02:55.0478 UTC -> {"killed":false,"code":3221225773,"signal":null,"cmd":"C:\\xlib\\pedb\\pedb.exe \"cheese\" 1","stdout":"","stderr":""}
2019.07.28, 20:02:55.0487 UTC -> {"killed":false,"code":3221225773,"signal":null,"cmd":"C:\\xlib\\pedb\\pedb.exe \"nike\" 1","stdout":"","stderr":""}
2019.07.28, 20:02:55.0493 UTC -> {"killed":false,"code":3221225773,"signal":null,"cmd":"C:\\xlib\\pedb\\pedb.exe \"tes\" 1","stdout":"","stderr":""}
2019.07.28, 20:02:55.0499 UTC -> {"killed":false,"code":3221225773,"signal":null,"cmd":"C:\\xlib\\pedb\\pedb.exe \"tissue\" 1","stdout":"","stderr":""}
2019.07.28, 20:02:55.0507 UTC -> {"killed":false,"code":3221225773,"signal":null,"cmd":"C:\\xlib\\pedb\\pedb.exe \"yello\" 1","stdout":"","stderr":""}
2019.07.28, 20:02:55.0528 UTC -> {"killed":false,"code":3221225773,"signal":null,"cmd":"C:\\xlib\\pedb\\pedb.exe \"ferrero\" 1","stdout":"","stderr":""}
2019.07.28, 20:02:55.0536 UTC -> {"killed":false,"code":3221225773,"signal":null,"cmd":"C:\\xlib\\pedb\\pedb.exe \"dove\" 1","stdout":"","stderr":""}
2019.07.28, 20:02:55.0559 UTC -> {"killed":false,"code":3221225773,"signal":null,"cmd":"C:\\xlib\\pedb\\pedb.exe \"burger\" 1","stdout":"","stderr":""}
2019.07.28, 20:02:55.0568 UTC -> {"killed":false,"code":3221225773,"signal":null,"cmd":"C:\\xlib\\pedb\\pedb.exe \"green\" 1","stdout":"","stderr":""}
2019.07.28, 20:02:55.0591 UTC -> {"killed":false,"code":3221225773,"signal":null,"cmd":"C:\\xlib\\pedb\\pedb.exe \"lv\" 1","stdout":"","stderr":""}
2019.07.28, 20:02:55.0598 UTC -> {"killed":false,"code":3221225773,"signal":null,"cmd":"C:\\xlib\\pedb\\pedb.exe \"sony\" 1","stdout":"","stderr":""}
2019.07.28, 20:02:55.0613 UTC -> {"killed":false,"code":3221225773,"signal":null,"cmd":"C:\\xlib\\pedb\\pedb.exe \"brown\" 1","stdout":"","stderr":""}
2019.07.28, 20:02:55.0622 UTC -> {"killed":false,"code":3221225773,"signal":null,"cmd":"C:\\xlib\\pedb\\pedb.exe \"latte\" 1","stdout":"","stderr":""}
2019.07.28, 20:02:55.0630 UTC -> {"killed":false,"code":3221225773,"signal":null,"cmd":"C:\\xlib\\pedb\\pedb.exe \"kenji\" 1","stdout":"","stderr":""}
2019.07.28, 20:02:55.0635 UTC -> {"killed":false,"code":3221225773,"signal":null,"cmd":"C:\\xlib\\pedb\\pedb.exe \"msi\" 1","stdout":"","stderr":""}
2019.07.28, 20:02:55.0647 UTC -> {"killed":false,"code":3221225773,"signal":null,"cmd":"C:\\xlib\\pedb\\pedb.exe \"levis\" 1","stdout":"","stderr":""}
2019.07.28, 20:02:55.0653 UTC -> {"killed":false,"code":3221225773,"signal":null,"cmd":"C:\\xlib\\pedb\\pedb.exe \"huawei\" 1","stdout":"","stderr":""}
2019.07.28, 20:02:55.0662 UTC -> {"killed":false,"code":3221225773,"signal":null,"cmd":"C:\\xlib\\pedb\\pedb.exe \"usb\" 1","stdout":"","stderr":""}
2019.07.28, 20:02:55.0670 UTC -> {"killed":false,"code":3221225773,"signal":null,"cmd":"C:\\xlib\\pedb\\pedb.exe \"indomie\" 1","stdout":"","stderr":""}
2019.07.28, 20:02:55.0679 UTC -> {"killed":false,"code":3221225773,"signal":null,"cmd":"C:\\xlib\\pedb\\pedb.exe \"kubernetes\" 1","stdout":"","stderr":""}
2019.07.28, 20:02:55.0684 UTC -> {"killed":false,"code":3221225773,"signal":null,"cmd":"C:\\xlib\\pedb\\pedb.exe \"bliss bites\" 1","stdout":"","stderr":""}
2019.07.28, 20:02:55.0686 UTC -> {"killed":false,"code":3221225773,"signal":null,"cmd":"C:\\xlib\\pedb\\pedb.exe \"pruvit\" 1","stdout":"","stderr":""}
2019.07.28, 20:02:55.0697 UTC -> {"killed":false,"code":3221225773,"signal":null,"cmd":"C:\\xlib\\pedb\\pedb.exe \"cat\" 1","stdout":"","stderr":""}
2019.07.28, 20:02:55.0709 UTC -> {"killed":false,"code":3221225773,"signal":null,"cmd":"C:\\xlib\\pedb\\pedb.exe \"rayban\" 1","stdout":"","stderr":""}
2019.07.28, 20:02:57.0573 UTC -> {"killed":false,"code":3221225773,"signal":null,"cmd":"C:\\xlib\\pedb\\pedb.exe \"lemon\" 1","stdout":"","stderr":""}
2019.07.28, 20:02:57.0587 UTC -> {"killed":false,"code":3221225773,"signal":null,"cmd":"C:\\xlib\\pedb\\pedb.exe \"amazon\" 1","stdout":"","stderr":""}
2019.07.28, 20:02:57.0598 UTC -> {"killed":false,"code":3221225773,"signal":null,"cmd":"C:\\xlib\\pedb\\pedb.exe \"galaxy\" 1","stdout":"","stderr":""}
2019.07.28, 20:02:57.0605 UTC -> {"killed":false,"code":3221225773,"signal":null,"cmd":"C:\\xlib\\pedb\\pedb.exe \"samsung\" 1","stdout":"","stderr":""}
2019.07.28, 20:02:57.0707 UTC -> {"killed":false,"code":3221225773,"signal":null,"cmd":"C:\\xlib\\pedb\\pedb.exe \"zara\" 1","stdout":"","stderr":""}
2019.07.28, 20:02:57.0720 UTC -> {"killed":false,"code":3221225773,"signal":null,"cmd":"C:\\xlib\\pedb\\pedb.exe \"pink\" 1","stdout":"","stderr":""}
2019.07.28, 20:02:57.0738 UTC -> {"killed":false,"code":3221225773,"signal":null,"cmd":"C:\\xlib\\pedb\\pedb.exe \"tea\" 1","stdout":"","stderr":""}
2019.07.28, 20:02:58.0266 UTC -> {"killed":false,"code":3221225773,"signal":null,"cmd":"C:\\xlib\\pedb\\pedb.exe \"spiderman\" 1","stdout":"","stderr":""}
2019.07.28, 20:02:58.0249 UTC -> {"killed":false,"code":3221225773,"signal":null,"cmd":"C:\\xlib\\pedb\\pedb.exe \"yui\" 1","stdout":"","stderr":""}
2019.07.28, 20:02:58.0242 UTC -> {"killed":false,"code":3221225773,"signal":null,"cmd":"C:\\xlib\\pedb\\pedb.exe \"mac\" 1","stdout":"","stderr":""}
2019.07.28, 20:02:58.0273 UTC -> {"killed":false,"code":3221225773,"signal":null,"cmd":"C:\\xlib\\pedb\\pedb.exe \"uniglo\" 1","stdout":"","stderr":""}
2019.07.28, 20:02:58.0280 UTC -> {"killed":false,"code":3221225773,"signal":null,"cmd":"C:\\xlib\\pedb\\pedb.exe \"samsonite\" 1","stdout":"","stderr":""}
2019.07.28, 20:02:58.0285 UTC -> {"killed":false,"code":3221225773,"signal":null,"cmd":"C:\\xlib\\pedb\\pedb.exe \"thai\" 1","stdout":"","stderr":""}
2019.07.28, 20:02:58.0292 UTC -> {"killed":false,"code":3221225773,"signal":null,"cmd":"C:\\xlib\\pedb\\pedb.exe \"shaver\" 1","stdout":"","stderr":""}
2019.07.28, 20:02:58.0301 UTC -> {"killed":false,"code":3221225773,"signal":null,"cmd":"C:\\xlib\\pedb\\pedb.exe \"ipad\" 1","stdout":"","stderr":""}
2019.07.28, 20:02:58.0306 UTC -> {"killed":false,"code":3221225773,"signal":null,"cmd":"C:\\xlib\\pedb\\pedb.exe \"cetaphil\" 1","stdout":"","stderr":""}
2019.07.28, 20:02:58.0311 UTC -> {"killed":false,"code":3221225773,"signal":null,"cmd":"C:\\xlib\\pedb\\pedb.exe \"wood\" 1","stdout":"","stderr":""}
2019.07.28, 20:02:58.0316 UTC -> {"killed":false,"code":3221225773,"signal":null,"cmd":"C:\\xlib\\pedb\\pedb.exe \"galazy\" 1","stdout":"","stderr":""}
2019.07.28, 20:02:58.0319 UTC -> {"killed":false,"code":3221225773,"signal":null,"cmd":"C:\\xlib\\pedb\\pedb.exe \"batman\" 1","stdout":"","stderr":""}
2019.07.28, 20:02:58.0323 UTC -> {"killed":false,"code":3221225773,"signal":null,"cmd":"C:\\xlib\\pedb\\pedb.exe \"nigeria\" 1","stdout":"","stderr":""}
2019.07.28, 20:02:58.0327 UTC -> {"killed":false,"code":3221225773,"signal":null,"cmd":"C:\\xlib\\pedb\\pedb.exe \"discovery\" 1","stdout":"","stderr":""}
2019.07.28, 20:02:58.0332 UTC -> {"killed":false,"code":3221225773,"signal":null,"cmd":"C:\\xlib\\pedb\\pedb.exe \"pandora\" 1","stdout":"","stderr":""}
2019.07.28, 20:02:58.0344 UTC -> {"killed":false,"code":3221225773,"signal":null,"cmd":"C:\\xlib\\pedb\\pedb.exe \"avocado\" 1","stdout":"","stderr":""}
2019.07.28, 20:02:58.0349 UTC -> {"killed":false,"code":3221225773,"signal":null,"cmd":"C:\\xlib\\pedb\\pedb.exe \"keto os\" 1","stdout":"","stderr":""}
2019.07.28, 20:02:58.0397 UTC -> {"killed":false,"code":3221225773,"signal":null,"cmd":"C:\\xlib\\pedb\\pedb.exe \"siemens\" 1","stdout":"","stderr":""}
2019.07.28, 20:02:58.0402 UTC -> {"killed":false,"code":3221225773,"signal":null,"cmd":"C:\\xlib\\pedb\\pedb.exe \"jimmy\" 1","stdout":"","stderr":""}
2019.07.28, 20:02:58.0409 UTC -> {"killed":false,"code":3221225773,"signal":null,"cmd":"C:\\xlib\\pedb\\pedb.exe \"df\" 1","stdout":"","stderr":""}
2019.07.28, 20:02:58.0414 UTC -> {"killed":false,"code":3221225773,"signal":null,"cmd":"C:\\xlib\\pedb\\pedb.exe \"puma\" 1","stdout":"","stderr":""}
2019.07.28, 20:02:58.0422 UTC -> {"killed":false,"code":3221225773,"signal":null,"cmd":"C:\\xlib\\pedb\\pedb.exe \"brands\" 1","stdout":"","stderr":""}
2019.07.28, 20:02:58.0427 UTC -> {"killed":false,"code":3221225773,"signal":null,"cmd":"C:\\xlib\\pedb\\pedb.exe \"onitsuka\" 1","stdout":"","stderr":""}
2019.07.28, 20:02:58.0432 UTC -> {"killed":false,"code":3221225773,"signal":null,"cmd":"C:\\xlib\\pedb\\pedb.exe \"tumi\" 1","stdout":"","stderr":""}
2019.07.28, 20:02:58.0436 UTC -> {"killed":false,"code":3221225773,"signal":null,"cmd":"C:\\xlib\\pedb\\pedb.exe \"mcdonald\" 1","stdout":"","stderr":""}
2019.07.28, 20:02:58.0441 UTC -> {"killed":false,"code":3221225773,"signal":null,"cmd":"C:\\xlib\\pedb\\pedb.exe \"lemon dress\" 1","stdout":"","stderr":""}
2019.07.28, 20:02:58.0453 UTC -> {"killed":false,"code":3221225773,"signal":null,"cmd":"C:\\xlib\\pedb\\pedb.exe \"kids\" 1","stdout":"","stderr":""}
2019.07.28, 20:02:58.0460 UTC -> {"killed":false,"code":3221225773,"signal":null,"cmd":"C:\\xlib\\pedb\\pedb.exe \"burberry\" 1","stdout":"","stderr":""}
2019.07.28, 20:02:58.0466 UTC -> {"killed":false,"code":3221225773,"signal":null,"cmd":"C:\\xlib\\pedb\\pedb.exe \"red\" 1","stdout":"","stderr":""}
2019.07.28, 20:02:58.0475 UTC -> {"killed":false,"code":3221225773,"signal":null,"cmd":"C:\\xlib\\pedb\\pedb.exe \"orange\" 1","stdout":"","stderr":""}
2019.07.28, 20:02:59.0071 UTC -> {"killed":false,"code":1,"signal":null,"cmd":"C:\\xlib\\pedb\\pedb.exe \"lalil\" 1","stdout":"","stderr":"The system cannot execute the specified program.\r\n"}
2019.07.28, 20:02:59.0075 UTC -> {"killed":false,"code":1,"signal":null,"cmd":"C:\\xlib\\pedb\\pedb.exe \"kate\" 1","stdout":"","stderr":"The subsystem needed to support the image type is not present.\r\n"}
2019.07.28, 20:02:59.0089 UTC -> {"killed":false,"code":1,"signal":null,"cmd":"C:\\xlib\\pedb\\pedb.exe \"la perla\" 1","stdout":"","stderr":"The system cannot execute the specified program.\r\n"}
2019.07.28, 20:02:59.0098 UTC -> {"killed":false,"code":1,"signal":null,"cmd":"C:\\xlib\\pedb\\pedb.exe \"bbc\" 1","stdout":"","stderr":"The system cannot execute the specified program.\r\n"}
2019.07.28, 20:02:59.0104 UTC -> {"killed":false,"code":1,"signal":null,"cmd":"C:\\xlib\\pedb\\pedb.exe \"jeans\" 1","stdout":"","stderr":"The system cannot execute the specified program.\r\n"}
2019.07.28, 20:02:59.0110 UTC -> {"killed":false,"code":1,"signal":null,"cmd":"C:\\xlib\\pedb\\pedb.exe \"harman\" 1","stdout":"","stderr":"The system cannot execute the specified program.\r\n"}
2019.07.28, 20:02:59.0116 UTC -> {"killed":false,"code":1,"signal":null,"cmd":"C:\\xlib\\pedb\\pedb.exe \"kaws\" 1","stdout":"","stderr":"The system cannot execute the specified program.\r\n"}
2019.07.28, 20:02:59.0126 UTC -> {"killed":false,"code":1,"signal":null,"cmd":"C:\\xlib\\pedb\\pedb.exe \"mosanco\" 1","stdout":"","stderr":"The system cannot execute the specified program.\r\n"}
2019.07.28, 20:02:59.0131 UTC -> {"killed":false,"code":1,"signal":null,"cmd":"C:\\xlib\\pedb\\pedb.exe \"dell\" 1","stdout":"","stderr":"The system cannot execute the specified program.\r\n"}
2019.07.28, 20:02:59.0137 UTC -> {"killed":false,"code":3221225773,"signal":null,"cmd":"C:\\xlib\\pedb\\pedb.exe \"superdry\" 1","stdout":"","stderr":""}
2019.07.28, 20:02:59.0151 UTC -> {"killed":false,"code":3221225773,"signal":null,"cmd":"C:\\xlib\\pedb\\pedb.exe \"superman\" 1","stdout":"","stderr":""}
2019.07.28, 20:02:59.0157 UTC -> {"killed":false,"code":3221225773,"signal":null,"cmd":"C:\\xlib\\pedb\\pedb.exe \"abercrombie\" 1","stdout":"","stderr":""}
2019.07.28, 20:02:59.0163 UTC -> {"killed":false,"code":3221225773,"signal":null,"cmd":"C:\\xlib\\pedb\\pedb.exe \"air jordan\" 1","stdout":"","stderr":""}
2019.07.28, 20:02:59.0175 UTC -> {"killed":false,"code":3221225773,"signal":null,"cmd":"C:\\xlib\\pedb\\pedb.exe \"nikon\" 1","stdout":"","stderr":""}
2019.07.28, 20:02:59.0180 UTC -> {"killed":false,"code":3221225773,"signal":null,"cmd":"C:\\xlib\\pedb\\pedb.exe \"victoria secret\" 1","stdout":"","stderr":""}
2019.07.28, 20:02:59.0188 UTC -> {"killed":false,"code":3221225773,"signal":null,"cmd":"C:\\xlib\\pedb\\pedb.exe \"ps4\" 1","stdout":"","stderr":""}
2019.07.28, 20:02:59.0193 UTC -> {"killed":false,"code":1,"signal":null,"cmd":"C:\\xlib\\pedb\\pedb.exe \"books\" 1","stdout":"","stderr":"The system cannot execute the specified program.\r\n"}
2019.07.28, 20:02:59.0200 UTC -> {"killed":false,"code":1,"signal":null,"cmd":"C:\\xlib\\pedb\\pedb.exe \"panadol\" 1","stdout":"","stderr":"The system cannot execute the specified program.\r\n"}
2019.07.28, 20:02:59.0206 UTC -> {"killed":false,"code":1,"signal":null,"cmd":"C:\\xlib\\pedb\\pedb.exe \"oreo\" 1","stdout":"","stderr":"The system cannot execute the specified program.\r\n"}
2019.07.28, 20:03:22.0063 UTC -> {"killed":false,"code":3221225725,"signal":null,"cmd":"C:\\xlib\\pedb\\pedb.exe \"oriental\" 1","stdout":"","stderr":""}
2019.07.28, 20:03:22.0132 UTC -> {"killed":false,"code":3221225725,"signal":null,"cmd":"C:\\xlib\\pedb\\pedb.exe \"asus\" 1","stdout":"","stderr":""}
2019.07.28, 20:03:22.0138 UTC -> {"killed":false,"code":1,"signal":null,"cmd":"C:\\xlib\\pedb\\pedb.exe \"hawaii\" 1","stdout":"","stderr":"The system cannot execute the specified program.\r\n"}
2019.07.28, 20:03:22.0155 UTC -> {"killed":false,"code":1,"signal":null,"cmd":"C:\\xlib\\pedb\\pedb.exe \"regal\" 1","stdout":"","stderr":"The system cannot execute the specified program.\r\n"}
2019.07.28, 20:03:22.0162 UTC -> {"killed":false,"code":1,"signal":null,"cmd":"C:\\xlib\\pedb\\pedb.exe \"lacoste\" 1","stdout":"","stderr":"The system cannot execute the specified program.\r\n"}
2019.07.28, 20:03:22.0174 UTC -> {"killed":false,"code":1,"signal":null,"cmd":"C:\\xlib\\pedb\\pedb.exe \"aqua\" 1","stdout":"","stderr":"The system cannot execute the specified program.\r\n"}
2019.07.28, 20:03:24.0134 UTC -> {"killed":false,"code":3221225773,"signal":null,"cmd":"C:\\xlib\\pedb\\pedb.exe \"choco\" 1","stdout":"","stderr":""}
2019.07.28, 20:03:24.0147 UTC -> {"killed":false,"code":3221225773,"signal":null,"cmd":"C:\\xlib\\pedb\\pedb.exe \"white\" 1","stdout":"","stderr":""}
2019.07.28, 20:03:24.0163 UTC -> {"killed":false,"code":3221225773,"signal":null,"cmd":"C:\\xlib\\pedb\\pedb.exe \"apple\" 1","stdout":"","stderr":""}
2019.07.28, 20:03:24.0181 UTC -> {"killed":false,"code":3221225773,"signal":null,"cmd":"C:\\xlib\\pedb\\pedb.exe \"milk\" 1","stdout":"","stderr":""}
2019.07.28, 20:03:24.0194 UTC -> {"killed":false,"code":3221225773,"signal":null,"cmd":"C:\\xlib\\pedb\\pedb.exe \"blue\" 1","stdout":"","stderr":""}
2019.07.28, 20:03:24.0211 UTC -> {"killed":false,"code":3221225773,"signal":null,"cmd":"C:\\xlib\\pedb\\pedb.exe \"\" 1","stdout":"","stderr":""}
2019.07.28, 20:03:24.0219 UTC -> {"killed":false,"code":3221225773,"signal":null,"cmd":"C:\\xlib\\pedb\\pedb.exe \"black\" 1","stdout":"","stderr":""}
2019.07.28, 20:03:24.0232 UTC -> {"killed":false,"code":3221225773,"signal":null,"cmd":"C:\\xlib\\pedb\\pedb.exe \"hermes\" 1","stdout":"","stderr":""}
2019.07.28, 20:03:24.0237 UTC -> {"killed":false,"code":3221225773,"signal":null,"cmd":"C:\\xlib\\pedb\\pedb.exe \"philips\" 1","stdout":"","stderr":""}
2019.07.28, 20:03:24.0246 UTC -> {"killed":false,"code":3221225773,"signal":null,"cmd":"C:\\xlib\\pedb\\pedb.exe \"clark\" 1","stdout":"","stderr":""}
2019.07.28, 20:03:24.0251 UTC -> {"killed":false,"code":3221225773,"signal":null,"cmd":"C:\\xlib\\pedb\\pedb.exe \"mango\" 1","stdout":"","stderr":""}
2019.07.28, 20:03:24.0259 UTC -> {"killed":false,"code":3221225773,"signal":null,"cmd":"C:\\xlib\\pedb\\pedb.exe \"honda\" 1","stdout":"","stderr":""}
2019.07.28, 20:03:24.0266 UTC -> {"killed":false,"code":3221225725,"signal":null,"cmd":"C:\\xlib\\pedb\\pedb.exe \"bendel\" 1","stdout":"","stderr":""}
2019.07.28, 21:06:57.0761 UTC -> {"killed":false,"code":3221225773,"signal":null,"cmd":"C:\\xlib\\pedb\\pedb.exe \"latte\" 1","stdout":"","stderr":""}
2019.07.28, 21:06:57.0768 UTC -> {"killed":false,"code":3221225773,"signal":null,"cmd":"C:\\xlib\\pedb\\pedb.exe \"honda\" 1","stdout":"","stderr":""}
2019.07.28, 21:06:57.0776 UTC -> {"killed":false,"code":3221225773,"signal":null,"cmd":"C:\\xlib\\pedb\\pedb.exe \"mac\" 1","stdout":"","stderr":""}
2019.07.28, 21:06:57.0787 UTC -> {"killed":false,"code":3221225773,"signal":null,"cmd":"C:\\xlib\\pedb\\pedb.exe \"uniglo\" 1","stdout":"","stderr":""}
2019.07.28, 21:06:57.0795 UTC -> {"killed":false,"code":3221225773,"signal":null,"cmd":"C:\\xlib\\pedb\\pedb.exe \"lemon\" 1","stdout":"","stderr":""}
